<?xml version="1.0" encoding="UTF-8"?>
<!-- Generated by org.testng.reporters.JUnitReportReporter -->
<testsuite hostname="DESKTOP-CSL37RE" failures="0" tests="1" name="section3.LeaveVerification" time="6.370" errors="0" timestamp="2025-07-24T15:35:19 IST" skipped="0">
  <testcase classname="section3.LeaveVerification" name="leaveValidation" time="6.370">
    <system-out>
      <![CDATA[The give data present in Web is : Leave Types]]>
    </system-out>
  </testcase> <!-- leaveValidation -->
  <system-out>
    <![CDATA[The give data present in Web is : Leave Types]]>
  </system-out>
</testsuite> <!-- section3.LeaveVerification -->
