<?xml version="1.0" encoding="UTF-8"?>
<!-- Generated by org.testng.reporters.JUnitReportReporter -->
<testsuite hostname="DESKTOP-CSL37RE" failures="0" tests="1" name="section3.MyInfoVerification" time="7.907" errors="0" timestamp="2025-07-24T15:33:35 IST" skipped="0">
  <testcase classname="section3.MyInfoVerification" name="myInfovalidation" time="7.907">
    <system-out>
      <![CDATA[Test Pass]]>
    </system-out>
  </testcase> <!-- myInfovalidation -->
  <system-out>
    <![CDATA[Test Pass]]>
  </system-out>
</testsuite> <!-- section3.MyInfoVerification -->
