<?xml version="1.0" encoding="UTF-8"?>
<!-- Generated by org.testng.reporters.JUnitReportReporter -->
<testsuite hostname="DESKTOP-CSL37RE" failures="0" tests="1" name="section3.LeaveVerificationTest" time="7.990" errors="0" timestamp="2025-07-30T16:15:56 IST" skipped="0">
  <testcase classname="section3.LeaveVerificationTest" name="leaveValidation" time="7.990">
    <system-out>
      <![CDATA[The give data present in Web is : Leave Types]]>
    </system-out>
  </testcase> <!-- leaveValidation -->
  <system-out>
    <![CDATA[The give data present in Web is : Leave Types
Test Pass]]>
  </system-out>
</testsuite> <!-- section3.LeaveVerificationTest -->
