<?xml version="1.0" encoding="UTF-8"?>
<!-- Generated by org.testng.reporters.JUnitReportReporter -->
<testsuite hostname="DESKTOP-CSL37RE" failures="0" tests="1" name="section3.MyInfoVerificationTest" time="7.126" errors="0" timestamp="2025-07-30T16:15:56 IST" skipped="0">
  <testcase classname="section3.MyInfoVerificationTest" name="myInfovalidation" time="7.126">
    <system-out>
      <![CDATA[Test Pass]]>
    </system-out>
  </testcase> <!-- myInfovalidation -->
  <system-out>
    <![CDATA[The give data present in Web is : Leave Types
Test Pass]]>
  </system-out>
</testsuite> <!-- section3.MyInfoVerificationTest -->
